C51 COMPILER V9.60.7.0   PWM                                                               06/06/2025 18:56:58 PAGE 1   


C51 COMPILER V9.60.7.0, COMPILATION OF MODULE PWM
OBJECT MODULE PLACED IN .\Release\Objects\pwm.obj
COMPILER INVOKED BY: C:\Keil_v5\C51\BIN\C51.EXE ..\..\User\pwm.c LARGE OPTIMIZE(8,SPEED) BROWSE INTVECTOR(0X000C) INCDIR
                    -(..\..\Libraries\Include;..\..\User) INTERVAL(3) DEBUG OBJECTEXTEND PRINT(.\Release\Listings\pwm.lst) OBJECT(.\Release\O
                    -bjects\pwm.obj)

line level    source

   1          #include "pwm.h"
   2          #include "time0.h"
   3          
   4          // ç”±æ¸©åº¦é™åˆ¶çš„PWMå ç©ºæ¯” ï¼ˆå¯¹æ‰€æœ‰PWMé€šé“éƒ½ç”Ÿæ•ˆï¼Œé»˜è®¤ä¸ºæœ€å¤§å ç©ºæ¯”ï¼‰
   5          volatile u16 limited_pwm_duty_due_to_temp = MAX_PWM_DUTY;
   6          // ç”±äºå‘åŠ¨æœºä¸ç¨³å®šï¼Œè€Œé™åˆ¶çš„å¯ä»¥è°ƒèŠ‚åˆ°çš„å ç©ºæ¯”ï¼ˆå¯¹æ‰€æœ‰PWMé€šé“éƒ½ç”Ÿæ•ˆï¼Œé»˜è
             -®¤ä¸ºæœ€å¤§å ç©ºæ¯”ï¼‰
   7          volatile u16 limited_pwm_duty_due_to_unstable_engine = MAX_PWM_DUTY; 
   8          
   9          
  10          
  11          volatile u16 c_duty = 0;                // å½“å‰è®¾ç½®çš„å ç©ºæ¯”
  12          volatile u16 cur_pwm_channel_0_duty;    // å½“å‰è®¾ç½®çš„ã€ pwm_channle_0 çš„å ç©ºæ¯”
  13          volatile u16 adjust_pwm_channel_0_duty; // pwm_channle_0 è¦è°ƒæ•´åˆ°çš„å ç©ºæ¯”
  14          
  15          volatile u16 cur_pwm_channel_1_duty = 0; // å½“å‰è®¾ç½®çš„ç¬¬äºŒè·¯PWMçš„å ç©ºæ¯”
  16          volatile u16 adjust_duty = MAX_PWM_DUTY; // æœ€ç»ˆè¦è°ƒèŠ‚æˆçš„å ç©ºæ¯”ï¼ˆåªæœ‰å¼€æœºç¼“å¯åŠ¨ã€æ¸©åº
             -¦æ£€æµ‹ã€å‘é€æœºç”µå‹ä¸ç¨³å®šæ£€æµ‹æ‰ä¼šä¿®æ”¹å®ƒçš„å€¼ï¼‰
  17          // volatile u16 max_pwm_duty = MAX_PWM_DUTY;        // å­˜æ”¾å ç©ºæ¯”çš„ä¸Šé™å€¼
  18          
  19          /*
  20              æ ‡å¿—ä½ï¼Œpwm_channel_0 æ˜¯å¦ä½¿èƒ½ï¼ˆåªåœ¨rfé¥æ§å™¨è°ƒèŠ‚ä¸­ä½¿ç”¨ï¼‰
  21              é»˜è®¤ä¸º1ï¼Œé˜²æ­¢åœ¨å®šæ—¶å™¨è°ƒèŠ‚pwmæ—¶ä¸å·¥ä½œ
  22          */
  23          volatile bit flag_is_pwm_channel_0_enable = 1;
  24          
  25          /*
  26              æ ‡å¿—ä½ï¼Œpwm_channel_1 æ˜¯å¦ä½¿èƒ½ï¼ˆåªåœ¨rfé¥æ§å™¨è°ƒèŠ‚ä¸­ä½¿ç”¨ï¼‰
  27              é»˜è®¤ä¸º1ï¼Œé˜²æ­¢åœ¨å®šæ—¶å™¨è°ƒèŠ‚pwmæ—¶ä¸å·¥ä½œ
  28          */
  29          volatile bit flag_is_pwm_channel_1_enable = 1;
  30          
  31          #define STMR0_PEROID_VAL (SYSCLK / 8000 - 1)
  32          #define STMR1_PEROID_VAL (SYSCLK / 8000 - 1)
  33          void pwm_init(void)
  34          {
  35   1          STMR_CNTCLR |= STMR_0_CNT_CLR(0x1); // æ¸…ç©ºè®¡æ•°å€¼
  36   1      
  37   1          STMR0_PSC = STMR_PRESCALE_VAL(0x07);                        // é¢„åˆ†é¢‘
  38   1          STMR0_PRH = STMR_PRD_VAL_H((STMR0_PEROID_VAL >> 8) & 0xFF); // å‘¨æœŸå€¼
  39   1          STMR0_PRL = STMR_PRD_VAL_L((STMR0_PEROID_VAL >> 0) & 0xFF);
  40   1          STMR0_CMPAH = STMR_CMPA_VAL_H(((0) >> 8) & 0xFF); // æ¯”è¾ƒå€¼
  41   1          STMR0_CMPAL = STMR_CMPA_VAL_L(((0) >> 0) & 0xFF); // æ¯”è¾ƒå€¼
  42   1          STMR_PWMVALA |= STMR_0_PWMVALA(0x1);
  43   1      
  44   1          STMR_CNTMD |= STMR_0_CNT_MODE(0x1); // è¿ç»­è®¡æ•°æ¨¡å¼
  45   1          STMR_LOADEN |= STMR_0_LOAD_EN(0x1); // è‡ªåŠ¨è£…è½½ä½¿èƒ½
  46   1          STMR_CNTCLR |= STMR_0_CNT_CLR(0x1); //
  47   1          STMR_CNTEN |= STMR_0_CNT_EN(0x1);   // ä½¿èƒ½
  48   1          STMR_PWMEN |= STMR_0_PWM_EN(0x1);   // PWMè¾“å‡ºä½¿èƒ½
  49   1      
  50   1          P1_MD1 &= ~GPIO_P16_MODE_SEL(0x03); // P16 14è„š
  51   1          P1_MD1 |= GPIO_P16_MODE_SEL(0x01);
C51 COMPILER V9.60.7.0   PWM                                                               06/06/2025 18:56:58 PAGE 2   

  52   1          P1_MD1 &= ~GPIO_P14_MODE_SEL(0x03); // P14 16è„š
  53   1          P1_MD1 |= GPIO_P14_MODE_SEL(0x01);
  54   1          FOUT_S14 = GPIO_FOUT_AF_FUNC;      // AFåŠŸèƒ½è¾“å‡º
  55   1          FOUT_S16 = GPIO_FOUT_STMR0_PWMOUT; // stmr0_pwmout
  56   1      
  57   1          // P15 15è„š ä½œä¸ºç¬¬2è·¯PWMè¾“å‡º
  58   1          STMR_CNTCLR |= STMR_1_CNT_CLR(0x1);                         // æ¸…ç©ºè®¡æ•°å€¼
  59   1          STMR1_PSC = STMR_PRESCALE_VAL(0x07);                        // é¢„åˆ†é¢‘
  60   1          STMR1_PRH = STMR_PRD_VAL_H((STMR1_PEROID_VAL >> 8) & 0xFF); // å‘¨æœŸå€¼
  61   1          STMR1_PRL = STMR_PRD_VAL_L((STMR1_PEROID_VAL >> 0) & 0xFF);
  62   1          STMR1_CMPAH = STMR_CMPA_VAL_H(((0) >> 8) & 0xFF); // æ¯”è¾ƒå€¼ (æ¸…ç©ºæ¯”è¾ƒå€¼)
  63   1          STMR1_CMPAL = STMR_CMPA_VAL_L(((0) >> 0) & 0xFF); // æ¯”è¾ƒå€¼
  64   1          STMR_PWMVALA |= STMR_1_PWMVALA(0x1);              // STMR1 PWMè¾“å‡ºå€¼ ( 0x1:è®¡æ•°CNTå¤§äºç­‰äºæ¯”
             -è¾ƒå€¼A,PWMè¾“å‡º1,å°äºè¾“å‡º0 )
  65   1      
  66   1          STMR_CNTMD |= STMR_1_CNT_MODE(0x1); // è¿ç»­è®¡æ•°æ¨¡å¼
  67   1          STMR_LOADEN |= STMR_1_LOAD_EN(0x1); // è‡ªåŠ¨è£…è½½ä½¿èƒ½
  68   1          STMR_CNTCLR |= STMR_1_CNT_CLR(0x1); //
  69   1          STMR_CNTEN |= STMR_1_CNT_EN(0x1);   // ä½¿èƒ½
  70   1          STMR_PWMEN |= STMR_1_PWM_EN(0x1);   // PWMè¾“å‡ºä½¿èƒ½
  71   1      
  72   1          P1_MD1 &= ~GPIO_P15_MODE_SEL(0x03); // P15 15è„š
  73   1          P1_MD1 |= GPIO_P15_MODE_SEL(0x01);  // è¾“å‡ºæ¨¡å¼
  74   1          FOUT_S15 = GPIO_FOUT_STMR1_PWMOUT;  // é€‰æ‹©stmr1_pwmout
  75   1      }
  76          
  77          // 14è„šçš„PWMè°ƒèŠ‚
  78          void set_pwm_duty(void)
  79          {
  80   1          STMR0_CMPAH = STMR_CMPA_VAL_H(((c_duty) >> 8) & 0xFF); // æ¯”è¾ƒå€¼
  81   1          STMR0_CMPAL = STMR_CMPA_VAL_L(((c_duty) >> 0) & 0xFF); // æ¯”è¾ƒå€¼
  82   1          STMR_LOADEN |= STMR_0_LOAD_EN(0x1);                    // è‡ªåŠ¨è£…è½½ä½¿èƒ½
  83   1      }
  84          
  85          // è®¾ç½®P15 15è„šçš„PWMå ç©ºæ¯”
  86          void set_p15_pwm_duty(u16 set_duty)
  87          {
  88   1          STMR1_CMPAH = STMR_CMPA_VAL_H(((set_duty) >> 8) & 0xFF); // æ¯”è¾ƒå€¼
  89   1          STMR1_CMPAL = STMR_CMPA_VAL_L(((set_duty) >> 0) & 0xFF); // æ¯”è¾ƒå€¼
  90   1          STMR_LOADEN |= STMR_1_LOAD_EN(0x1);                      // è‡ªåŠ¨è£…è½½ä½¿èƒ½
  91   1      }
  92          
  93          // è®¾ç½®é€šé“0çš„å ç©ºæ¯”
  94          void set_pwm_channel_0_duty(u16 channel_duty)
  95          {
  96   1          STMR0_CMPAH = STMR_CMPA_VAL_H(((channel_duty) >> 8) & 0xFF); // æ¯”è¾ƒå€¼
  97   1          STMR0_CMPAL = STMR_CMPA_VAL_L(((channel_duty) >> 0) & 0xFF); // æ¯”è¾ƒå€¼
  98   1          STMR_LOADEN |= STMR_0_LOAD_EN(0x1);                          // è‡ªåŠ¨è£…è½½ä½¿èƒ½
  99   1      }
 100          
 101          // è®¾ç½®é€šé“1çš„å ç©ºæ¯”
 102          void set_pwm_channel_1_duty(u16 channel_duty)
 103          {
 104   1          STMR1_CMPAH = STMR_CMPA_VAL_H(((channel_duty) >> 8) & 0xFF); // æ¯”è¾ƒå€¼
 105   1          STMR1_CMPAL = STMR_CMPA_VAL_L(((channel_duty) >> 0) & 0xFF); // æ¯”è¾ƒå€¼
 106   1          STMR_LOADEN |= STMR_1_LOAD_EN(0x1);                          // è‡ªåŠ¨è£…è½½ä½¿èƒ½
 107   1      }
 108          
 109          /*
 110              æ»¤æ³¢ã€åˆ¤æ–­ç”µå‹æ˜¯å¦æœ‰è·³åŠ¨ï¼Œä¸€æ®µæ—¶é—´å†…ç”µå‹æµ®åŠ¨è¿‡å¤§ï¼Œ
 111              æ‰€ä½¿ç”¨åˆ°çš„è¿™äº›å˜é‡
 112          */
C51 COMPILER V9.60.7.0   PWM                                                               06/06/2025 18:56:58 PAGE 3   

 113          static u16 t_count = 0;
 114          static u16 t_adc_max = 0;    // å­˜æ”¾ä¸€æ®µæ—¶é—´å†…é‡‡é›†åˆ°çš„æœ€å¤§adå€¼
 115          static u16 t_adc_min = 4096; // å­˜æ”¾ä¸€æ®µæ—¶é—´å†…é‡‡é›†åˆ°çš„æœ€å°adå€¼
 116          static u8 over_drive_status = 0;
 117          #define OVER_DRIVE_RESTART_TIME (30)
 118          
 119          // static volatile u16 filter_buff_2[270] = {0}; // ç”¨äºæ»¤æ³¢çš„æ•°ç»„
 120          static volatile u16 filter_buff_2[540] = {0}; // ç”¨äºæ»¤æ³¢çš„æ•°ç»„
 121          static volatile u16 buff_index_2 = 0;         // ç”¨äºæ»¤æ³¢çš„æ•°ç»„ä¸‹æ ‡
 122          
 123          /*
 124              ç”µæºç”µå‹ä½äº170V-AC,å¯åŠ¨ä½å‹ä¿æŠ¤ï¼Œç”µæºç”µå‹é«˜äº170V-ACï¼Œå…³é—­ä½å‹ä¿æŠ¤
 125              æ¸©åº¦æ­£å¸¸ï¼Œæ‰ä¼šè¿›å…¥åˆ°è¿™é‡Œ
 126              æ³¨æ„ï¼Œæ¯æ¬¡è°ƒç”¨åˆ°è¯¥å‡½æ•°ï¼Œåº”è¯¥åœ¨5.75mså·¦å³ï¼Œæ£€æµ‹å‘åŠ¨æœºåŠŸç‡ä¸ç¨³å®šçš„åŸç†æ˜¯
             -æ£€æµ‹é¢‘ç‡ï¼Œ
 127              å¦‚æœä¸åœ¨5.75msé™„è¿‘ï¼Œå¯èƒ½ä¼šå¯¼è‡´æ£€æµ‹ä¸å‡†ç¡®ï¼Œæ£€æµ‹ä¸åˆ°å‘åŠ¨æœºåŠŸç‡ä¸ç¨³å®š
 128          */
 129          void according_pin9_to_adjust_pwm(void)
 130          {
 131   1      #define ADC_DEAD_ZONE_NEAR_170VAC (30) // 170VACé™„è¿‘çš„adå€¼æ­»åŒº
 132   1          static volatile u16 filter_buff[32] = {
 133   1              0xFFFF,
 134   1          };
 135   1          static volatile u8 buff_index = 0;
 136   1          static volatile u8 flag_is_sub_power = 0;  // æ ‡å¿—ä½ï¼Œæ˜¯å¦è¦è¿ç»­å‡åŠŸç‡ï¼ˆçŠ¶æ€æœºï¼‰
 137   1          static volatile u8 flag_is_sub_power2 = 0; // æ ‡å¿—ä½ï¼Œæ˜¯å¦è¦è¿ç»­å‡åŠŸç‡
 138   1          static volatile bit flag_is_add_power = 0; // æ ‡å¿—ä½ï¼Œæ˜¯å¦è¦è¿ç»­å¢åŠŸç‡
 139   1      
 140   1          volatile u32 adc_pin_9_avg = 0; // å­˜æ”¾å¹³å‡å€¼
 141   1      
 142   1          if (filter_buff[0] == 0xFFFF) // å¦‚æœæ˜¯ç¬¬ä¸€æ¬¡æ£€æµ‹ï¼Œè®©æ•°ç»„å†…æ‰€æœ‰å…ƒç´ éƒ½å˜ä¸ºç¬¬ä¸€æ¬¡
             -é‡‡é›†çš„æ•°æ®ï¼Œæ–¹ä¾¿å¿«é€Ÿä½œå‡ºå˜åŒ–
 143   1          {
 144   2              u16 i = 0;
 145   2              for (; i < ARRAY_SIZE(filter_buff); i++)
 146   2              {
 147   3                  filter_buff[i] = adc_val_pin_9;
 148   3              }
 149   2              // for (i = 0; i < 270; i++)
 150   2              for (i = 0; i < 540; i++)
 151   2              {
 152   3                  filter_buff_2[i] = adc_val_pin_9;
 153   3              }
 154   2          }
 155   1          else
 156   1          {
 157   2              u16 temp = filter_buff[buff_index];
 158   2              temp += adc_val_pin_9;
 159   2              temp >>= 1;
 160   2              filter_buff[buff_index] = temp;
 161   2              buff_index++;
 162   2              if (buff_index >= ARRAY_SIZE(filter_buff))
 163   2              {
 164   3                  buff_index = 0;
 165   3              }
 166   2          }
 167   1      
 168   1          { // å–å‡ºæ•°ç»„å†…çš„æ•°æ®ï¼Œè®¡ç®—å¹³å‡å€¼
 169   2              u16 i = 0;
 170   2              for (; i < ARRAY_SIZE(filter_buff); i++)
 171   2              {
 172   3                  adc_pin_9_avg += filter_buff[i];
C51 COMPILER V9.60.7.0   PWM                                                               06/06/2025 18:56:58 PAGE 4   

 173   3              }
 174   2      
 175   2              // adc_pin_9_avg /= ARRAY_SIZE(filter_buff);
 176   2              adc_pin_9_avg >>= 5;
 177   2          } // å–å‡ºæ•°ç»„å†…çš„æ•°æ®ï¼Œè®¡ç®—å¹³å‡å€¼
 178   1      
 179   1          // åœ¨å‰é¢æ»¤æ³¢çš„åŸºç¡€ä¸Šå†è¿›è¡Œä¸€æ¬¡æ»¤æ³¢
 180   1          filter_buff_2[buff_index_2] = adc_pin_9_avg;
 181   1          buff_index_2++;
 182   1          // if (buff_index_2 >= 270)
 183   1          if (buff_index_2 >= 540)
 184   1          {
 185   2              buff_index_2 = 0;
 186   2          }
 187   1      
 188   1      #if USE_MY_DEBUG
 189   1          // printf(",b=%lu,", adc_pin_9_avg);
 190   1      #endif
 191   1      
 192   1          {
 193   2              u16 i = 0;
 194   2              t_adc_max = 0;
 195   2              t_adc_min = 4096;
 196   2              // for (; i < 270; i++)
 197   2              for (; i < 540; i++)
 198   2              {
 199   3                  if (filter_buff_2[i] > t_adc_max)
 200   3                      t_adc_max = filter_buff_2[i];
 201   3                  if (filter_buff_2[i] < t_adc_min)
 202   3                      t_adc_min = filter_buff_2[i];
 203   3                  if ((t_adc_max - t_adc_min) > 80)
 204   3                  { // ç”µå‹æ³¢åŠ¨
 205   4                      over_drive_status = OVER_DRIVE_RESTART_TIME;
 206   4                  }
 207   3                  else
 208   3                  {
 209   4                      if (over_drive_status)
 210   4                          over_drive_status--;
 211   4                  }
 212   3              }
 213   2      
 214   2              // {
 215   2              //     static u8 cnt = 0;
 216   2              //     cnt++;
 217   2              //     if (cnt >= 100)
 218   2              //     {
 219   2              //         cnt = 0;
 220   2              //         printf("__LINE__ %u\n", __LINE__);
 221   2              //     }
 222   2              // }
 223   2          }
 224   1      
 225   1          if (adc_pin_9_avg >= (1645 /*1475*/ + ADC_DEAD_ZONE_NEAR_170VAC) || (flag_is_add_power && adc_pin_9_av
             -g > (1645 /*1475*/ + ADC_DEAD_ZONE_NEAR_170VAC))) // å¤§äº 170VAC
 226   1          {
 227   2              // å¤§äº170VACï¼Œæ¢å¤100%å ç©ºæ¯”ï¼Œä½†æ˜¯ä¼˜å…ˆçº§æ¯” "9è„šç”µå‹æ£€æµ‹åˆ°å‘é€æœºåŠŸç‡ä¸ç
             -¨³å®šï¼Œè¿›è€Œé™åŠŸç‡" ä½
 228   2              flag_is_sub_power = 0;
 229   2              flag_is_sub_power2 = 0;
 230   2              flag_is_add_power = 1;
 231   2      #if 0
                      // åˆ¤æ–­æ˜¯å¦å˜åŒ–PWM
C51 COMPILER V9.60.7.0   PWM                                                               06/06/2025 18:56:58 PAGE 5   

                      if (adc_pin_9_avg > ADC_VAL_WHEN_UNSTABLE) // 9è„šç”µå‹è¶…è¿‡ä¸ç¨³å®šé˜ˆå€¼å¯¹åº”çš„ç”µå‹
                      {
                          if (flag_is_pwm_sub_time_comes) // pwmå ç©ºæ¯”é€’å‡æ—¶é—´åˆ°æ¥
                          {
                              flag_is_pwm_sub_time_comes = 0;
                              // è¿‡è½½ pwm--
                              // if (adjust_duty > PWM_DUTY_50_PERCENT)
                              if (adjust_duty > PWM_DUTY_30_PERCENT)
                              {
                                  adjust_duty -= 1;
                              }
                              else
                              {
                                  // adjust_duty = PWM_DUTY_50_PERCENT;
                                  adjust_duty = PWM_DUTY_30_PERCENT;
                              }
                          }
                      }
                      else if (adc_pin_9_avg < (ADC_VAL_WHEN_UNSTABLE - 50))
                      {
                          // æœªæ»¡è½½ pwm++
                          if (flag_is_pwm_add_time_comes) // pwmå ç©ºæ¯”é€’å¢æ—¶é—´åˆ°æ¥
                          {
                              flag_is_pwm_add_time_comes = 0;
                              if (adjust_duty < 6000)
                              {
                                  adjust_duty++;
                              }
                          }
                      }
              #else
 264   2              if (over_drive_status == OVER_DRIVE_RESTART_TIME) // 9è„šç”µå‹è¶…è¿‡ä¸ç¨³å®šé˜ˆå€¼å¯¹åº”çš„ç”µå
             -‹
 265   2              {
 266   3                  over_drive_status -= 1;
 267   3                  if (adjust_duty > PWM_DUTY_50_PERCENT)
 268   3                  {
 269   4                      // adjust_duty -= 300; // å˜åŒ–å¤ªå¤§ï¼Œä¼šé€ æˆç¯å…‰é—ªçƒ
 270   4                      adjust_duty -= 1;
 271   4                  }
 272   3      
 273   3                  if (adjust_duty < PWM_DUTY_50_PERCENT)
 274   3                  {
 275   4                      adjust_duty = PWM_DUTY_50_PERCENT;
 276   4                  }
 277   3              }
 278   2              else if (over_drive_status == 0)
 279   2              {
 280   3                  // æœªæ»¡è½½ pwm++
 281   3                  if (flag_is_pwm_add_time_comes) // pwmå ç©ºæ¯”é€’å¢æ—¶é—´åˆ°æ¥
 282   3                  {
 283   4                      flag_is_pwm_add_time_comes = 0;
 284   4                      if (adjust_duty < PWM_DUTY_100_PERCENT)
 285   4                      {
 286   5                          adjust_duty++;
 287   5                      }
 288   4                  }
 289   3              }
 290   2      #endif
 291   2          }
 292   1          else if (adc_pin_9_avg > (1475) && (adc_pin_9_avg <= (1645 /*1475*/) || flag_is_sub_power == 4)) // å°
             -äº 170VAC
C51 COMPILER V9.60.7.0   PWM                                                               06/06/2025 18:56:58 PAGE 6   

 293   1          {
 294   2              // é”å®šæœ€å¤§çš„å ç©ºæ¯”ä¸º50%ï¼Œå¹¶ä¸”ç»™ç›¸åº”æ ‡å¿—ä½ç½®ä¸€
 295   2              if (flag_is_pwm_sub_time_comes) // pwmå ç©ºæ¯”é€’å‡æ—¶é—´åˆ°æ¥
 296   2              {
 297   3                  flag_is_pwm_sub_time_comes = 0;
 298   3                  // if (flag_is_sub_power == 0)
 299   3                  //     flag_is_sub_power = 1;
 300   3                  // else if (flag_is_sub_power == 1)
 301   3                  //     flag_is_sub_power = 2;
 302   3                  if (flag_is_sub_power < 4)
 303   3                      flag_is_sub_power++;
 304   3      
 305   3                  flag_is_sub_power2 = 0;
 306   3                  flag_is_add_power = 0;
 307   3      
 308   3                  if (adjust_duty > PWM_DUTY_50_PERCENT)
 309   3                  // if (adjust_duty > PWM_DUTY_30_PERCENT)
 310   3                  {
 311   4                      adjust_duty -= 2;
 312   4                  }
 313   3                  else if (adjust_duty < PWM_DUTY_50_PERCENT)
 314   3                  {
 315   4                      adjust_duty++;
 316   4                  }
 317   3                  else
 318   3                  {
 319   4                      adjust_duty = PWM_DUTY_50_PERCENT;
 320   4                  }
 321   3              }
 322   2          }
 323   1          else if (adc_pin_9_avg <= (1475) || (flag_is_sub_power2)) // å°äº 170VAC
 324   1          {
 325   2              // é”å®šæœ€å¤§çš„å ç©ºæ¯”ä¸º50%ï¼Œå¹¶ä¸”ç»™ç›¸åº”æ ‡å¿—ä½ç½®ä¸€
 326   2              if (flag_is_pwm_sub_time_comes) // pwmå ç©ºæ¯”é€’å‡æ—¶é—´åˆ°æ¥
 327   2              {
 328   3                  flag_is_pwm_sub_time_comes = 0;
 329   3                  // if (flag_is_sub_power2 < 4)
 330   3                  //     flag_is_sub_power2++;
 331   3      
 332   3                  flag_is_sub_power2 = 1;
 333   3                  flag_is_sub_power = 0;
 334   3                  flag_is_add_power = 0;
 335   3      
 336   3                  // if (adjust_duty > PWM_DUTY_50_PERCENT)
 337   3                  if (adjust_duty > PWM_DUTY_30_PERCENT)
 338   3                  {
 339   4                      adjust_duty -= 2;
 340   4                  }
 341   3                  else
 342   3                  {
 343   4                      // adjust_duty = PWM_DUTY_50_PERCENT;
 344   4                      adjust_duty = PWM_DUTY_30_PERCENT;
 345   4                  }
 346   3              }
 347   2          }
 348   1      }
 349          
 350          // æ ¹æ®9è„šçš„ç”µå‹æ¥è®¾å®š16è„šçš„ç”µå¹³ï¼ˆè¿‡å‹ä¿æŠ¤ï¼‰
 351          void according_pin9_to_adjust_pin16(void)
 352          {
 353   1          // å½“9è„šç”µå‹é«˜äº 3.6 Væ—¶ï¼Œ16è„šè¾“å‡º1KHz é«˜ç”µå¹³,ç”¨äºæ§åˆ¶Q2çš„å¯¼é€šï¼ˆç”¨äºå…³æœºï¼‰ã
             -€‚
C51 COMPILER V9.60.7.0   PWM                                                               06/06/2025 18:56:58 PAGE 7   

 354   1          // if (adc_val_pin_9 >= 3511)
 355   1          // {
 356   1          //     P14 = 1;
 357   1          // }
 358   1          // else if (adc_val_pin_9 <= 3511 - 40)
 359   1          {
 360   2              P14 = 0;
 361   2          }
 362   1      }
 363          
 364          /**
 365           * @brief è·å–ç¬¬ä¸€è·¯PWMçš„è¿è¡ŒçŠ¶æ€
 366           *
 367           * @return u8 0--pwmå…³é—­ï¼Œ1--pwmå¼€å¯
 368           */
 369          u8 get_pwm_channel_0_status(void)
 370          {
 371   1          if (STMR_PWMEN & 0x01) // å¦‚æœpwm0ä½¿èƒ½
 372   1          {
 373   2              return 1;
 374   2          }
 375   1          else // å¦‚æœpwm0æœªä½¿èƒ½
 376   1          {
 377   2              return 0;
 378   2          }
 379   1      }
 380          
 381          /**
 382           * @brief è·å–ç¬¬äºŒè·¯PWMçš„è¿è¡ŒçŠ¶æ€
 383           *
 384           * @return u8 0--pwmå…³é—­ï¼Œ1--pwmå¼€å¯
 385           */
 386          u8 get_pwm_channel_1_status(void)
 387          {
 388   1          if (STMR_PWMEN & (0x01 << 1)) // å¦‚æœpwm1ä½¿èƒ½
 389   1          {
 390   2              return 1;
 391   2          }
 392   1          else // å¦‚æœ pwm æœªä½¿èƒ½
 393   1          {
 394   2              return 0;
 395   2          }
 396   1      }
 397          
 398          void pwm_channel_0_enable(void)
 399          {
 400   1          // è¦å…ˆä½¿èƒ½PWMè¾“å‡ºï¼Œåœ¨é…ç½®IOï¼Œå¦åˆ™åœ¨é€»è¾‘åˆ†æä»ªä¸Šçœ‹ä¼šæœ‰ä¸ªç¼ºå£
 401   1          STMR_PWMEN |= 0x01;                // ä½¿èƒ½PWM0çš„è¾“å‡º
 402   1          FOUT_S16 = GPIO_FOUT_STMR0_PWMOUT; // stmr0_pwmout
 403   1      }
 404          
 405          void pwm_channel_0_disable(void)
 406          {
 407   1          // ç›´æ¥è¾“å‡º0%çš„å ç©ºæ¯”ï¼Œå¯èƒ½ä¼šæœ‰äº›è·³åŠ¨ï¼Œéœ€è¦å°†å¯¹åº”çš„å¼•è„šé…ç½®å›è¾“å‡ºæ¨¡å¼
 408   1          STMR_PWMEN &= ~0x01;          // ä¸ä½¿èƒ½PWM0çš„è¾“å‡º
 409   1          FOUT_S16 = GPIO_FOUT_AF_FUNC; //
 410   1          P16 = 1;                      // é«˜ç”µå¹³ä¸ºå…³ç¯
 411   1      }
 412          
 413          void pwm_channel_1_enable(void)
 414          {
 415   1          // è¦å…ˆä½¿èƒ½PWMè¾“å‡ºï¼Œåœ¨é…ç½®IOï¼Œå¦åˆ™åœ¨é€»è¾‘åˆ†æä»ªä¸Šçœ‹ä¼šæœ‰ä¸ªç¼ºå£
C51 COMPILER V9.60.7.0   PWM                                                               06/06/2025 18:56:58 PAGE 8   

 416   1          STMR_PWMEN |= 0x01 << 1;           // ä½¿èƒ½PWM1çš„è¾“å‡º
 417   1          FOUT_S15 = GPIO_FOUT_STMR1_PWMOUT; // stmr1_pwmout
 418   1      }
 419          
 420          void pwm_channel_1_disable(void)
 421          {
 422   1          // ç›´æ¥è¾“å‡º0%çš„å ç©ºæ¯”ï¼Œå¯èƒ½ä¼šæœ‰äº›è·³åŠ¨ï¼Œéœ€è¦å°†å¯¹åº”çš„å¼•è„šé…ç½®å›è¾“å‡ºæ¨¡å¼
 423   1          STMR_PWMEN &= ~(0x01 << 1);   // ä¸ä½¿èƒ½PWM1çš„è¾“å‡º
 424   1          FOUT_S15 = GPIO_FOUT_AF_FUNC; //
 425   1          P15 = 1;                      // é«˜ç”µå¹³ä¸ºå…³ç¯
 426   1      }
 427          
 428          // void alter_adjust_pwm_duty(u16 set_pwm_duty)
 429          
 430          /**
 431           * @brief æ ¹æ®ä¼ å‚ï¼ŒåŠ ä¸Šçº¿æ§è°ƒå…‰çš„é™åˆ¶ï¼Œè®¡ç®—æœ€ç»ˆçš„ç›®æ ‡å ç©ºæ¯”ï¼ˆåªåœ¨ pwm_channel
             -_0 è¿™ä¸€è·¯æœ‰æ•ˆï¼‰
 432           *
 433           * @param pwm_adjust_duty ä¼ å…¥çš„ç›®æ ‡å ç©ºæ¯”ï¼ˆéæœ€ç»ˆçš„ç›®æ ‡å ç©ºæ¯”ï¼‰
 434           *
 435           * @return u16 æœ€ç»ˆçš„ç›®æ ‡å ç©ºæ¯”
 436           */
 437          u16 get_pwm_channel_0_adjust_duty(u16 pwm_adjust_duty)
 438          {
 439   1          u16 tmp_pwm_duty = 0;
 440   1      
 441   1          // adjust_duty = pwm_adjust_duty; // è®¾å®šç›®æ ‡å ç©ºæ¯”
 442   1          // æ ¹æ®è®¾å®šçš„ç›®æ ‡å ç©ºæ¯”ï¼Œæ›´æ–°ç»è¿‡æ—‹é’®é™åˆ¶ä¹‹åçš„ç›®æ ‡å ç©ºæ¯”ï¼š
 443   1          tmp_pwm_duty = (u32)pwm_adjust_duty * limited_max_pwm_duty / MAX_PWM_DUTY; // pwm_adjust_duty * æ—‹é’®
             -é™åˆ¶çš„å ç©ºæ¯”ç³»æ•°
 444   1      
 445   1          // åˆ¤æ–­ç»è¿‡æ—‹é’®é™åˆ¶ä¹‹åçš„å ç©ºæ¯” ä¼šä¸ä¼š å¤§äº æ¸©åº¦è¿‡çƒ­ä¹‹åé™åˆ¶çš„å ç©ºæ¯”
 446   1          if (tmp_pwm_duty >= limited_pwm_duty_due_to_temp)
 447   1          {
 448   2              tmp_pwm_duty = limited_pwm_duty_due_to_temp;
 449   2          }
 450   1      
 451   1          // å¦‚æœé™åˆ¶ä¹‹åçš„å ç©ºæ¯” å¤§äº ç”±äºå‘åŠ¨æœºä¸ç¨³å®šè€Œé™åˆ¶çš„ã€å¯ä»¥è°ƒèŠ‚çš„æœ€å¤§å
             - ç©ºæ¯”
 452   1          if (tmp_pwm_duty >= limited_pwm_duty_due_to_unstable_engine)
 453   1          {
 454   2              tmp_pwm_duty = limited_pwm_duty_due_to_unstable_engine;
 455   2          }
 456   1      
 457   1          // adjust_pwm_channel_0_duty = tmp_pwm_duty; // æ›´æ–°è¦è°ƒèŠ‚åˆ°çš„ã€PWMçš„å ç©ºæ¯”
 458   1          return tmp_pwm_duty; // è¿”å›ç»è¿‡çº¿æ§è°ƒå…‰é™åˆ¶ä¹‹åçš„ã€æœ€ç»ˆçš„ç›®æ ‡å ç©ºæ¯”
 459   1      }


MODULE INFORMATION:   STATIC OVERLAYABLE
   CODE SIZE        =   1472    ----
   CONSTANT SIZE    =   ----    ----
   XDATA SIZE       =   1170       6
   PDATA SIZE       =   ----    ----
   DATA SIZE        =   ----    ----
   IDATA SIZE       =   ----    ----
   BIT SIZE         =      3    ----
END OF MODULE INFORMATION.


C51 COMPILATION COMPLETE.  0 WARNING(S),  0 ERROR(S)
