C51 COMPILER V9.60.7.0   RF_RECV                                                           06/03/2025 17:55:46 PAGE 1   


C51 COMPILER V9.60.7.0, COMPILATION OF MODULE RF_RECV
OBJECT MODULE PLACED IN .\Release\Objects\rf_recv.obj
COMPILER INVOKED BY: C:\Keil_v5\C51\BIN\C51.EXE ..\..\User\rf_recv.c LARGE OPTIMIZE(8,SPEED) BROWSE INTVECTOR(0X000C) IN
                    -CDIR(..\..\Libraries\Include;..\..\User) INTERVAL(3) DEBUG OBJECTEXTEND PRINT(.\Release\Listings\rf_recv.lst) OBJECT(.\R
                    -elease\Objects\rf_recv.obj)

line level    source

   1          #include "rf_recv.h"
   2          
   3          volatile bit flag_is_recved_rf_data = 0; // 是否接收到了rf信号
   4          volatile u32 rf_data = 0; // 存放接收到的rf数据
   5          
   6          void rf_recv_init(void)
   7          {
   8   1          P0_PU |= GPIO_P01_PULL_UP(0x01); // 上拉
   9   1          P0_MD0 &= ~(GPIO_P01_MODE_SEL(0x03)); // 输入模式
  10   1      }


MODULE INFORMATION:   STATIC OVERLAYABLE
   CODE SIZE        =     13    ----
   CONSTANT SIZE    =   ----    ----
   XDATA SIZE       =      4    ----
   PDATA SIZE       =   ----    ----
   DATA SIZE        =   ----    ----
   IDATA SIZE       =   ----    ----
   BIT SIZE         =      1    ----
END OF MODULE INFORMATION.


C51 COMPILATION COMPLETE.  0 WARNING(S),  0 ERROR(S)
